d:\software\installed\hitpaw\hitpaw video converter\armor.lib
d:\software\installed\hitpaw\hitpaw video converter\armor.exp
c:\users\harrison\source\repos\armor_qt\armor_qt\x64\debug\moc\moc_armor_qt.cpp
c:\users\harrison\source\repos\armor_qt\armor_qt\x64\debug\vc142.pdb
c:\users\harrison\source\repos\armor_qt\armor_qt\x64\debug\moc_armor_qt.obj
c:\users\harrison\source\repos\armor_qt\armor_qt\x64\debug\armor_qt.obj
d:\software\installed\hitpaw\hitpaw video converter\armor.dll
d:\software\installed\hitpaw\hitpaw video converter\armor.ilk
d:\software\installed\hitpaw\hitpaw video converter\armor.pdb
c:\users\harrison\source\repos\armor_qt\armor_qt\x64\debug\armor_qt.tlog\armor_qt.write.1u.tlog
c:\users\harrison\source\repos\armor_qt\armor_qt\x64\debug\armor_qt.tlog\cl.command.1.tlog
c:\users\harrison\source\repos\armor_qt\armor_qt\x64\debug\armor_qt.tlog\cl.read.1.tlog
c:\users\harrison\source\repos\armor_qt\armor_qt\x64\debug\armor_qt.tlog\cl.write.1.tlog
c:\users\harrison\source\repos\armor_qt\armor_qt\x64\debug\armor_qt.tlog\link.13416.delete.1.tlog
c:\users\harrison\source\repos\armor_qt\armor_qt\x64\debug\armor_qt.tlog\link.16504.delete.1.tlog
c:\users\harrison\source\repos\armor_qt\armor_qt\x64\debug\armor_qt.tlog\link.20768.delete.1.tlog
c:\users\harrison\source\repos\armor_qt\armor_qt\x64\debug\armor_qt.tlog\link.24928.delete.1.tlog
c:\users\harrison\source\repos\armor_qt\armor_qt\x64\debug\armor_qt.tlog\link.3096.delete.1.tlog
c:\users\harrison\source\repos\armor_qt\armor_qt\x64\debug\armor_qt.tlog\link.32076.delete.1.tlog
c:\users\harrison\source\repos\armor_qt\armor_qt\x64\debug\armor_qt.tlog\link.32504.delete.1.tlog
c:\users\harrison\source\repos\armor_qt\armor_qt\x64\debug\armor_qt.tlog\link.34580.delete.1.tlog
c:\users\harrison\source\repos\armor_qt\armor_qt\x64\debug\armor_qt.tlog\link.41652.delete.1.tlog
c:\users\harrison\source\repos\armor_qt\armor_qt\x64\debug\armor_qt.tlog\link.45492.delete.1.tlog
c:\users\harrison\source\repos\armor_qt\armor_qt\x64\debug\armor_qt.tlog\link.46776.delete.1.tlog
c:\users\harrison\source\repos\armor_qt\armor_qt\x64\debug\armor_qt.tlog\link.command.1.tlog
c:\users\harrison\source\repos\armor_qt\armor_qt\x64\debug\armor_qt.tlog\link.read.1.tlog
c:\users\harrison\source\repos\armor_qt\armor_qt\x64\debug\armor_qt.tlog\link.write.1.tlog
c:\users\harrison\source\repos\armor_qt\armor_qt\x64\debug\armor_qt.tlog\moc.read.1u.tlog
c:\users\harrison\source\repos\armor_qt\armor_qt\x64\debug\armor_qt.tlog\moc.write.1u.tlog
